[2020-06-07 12:09:53,465][__main__][INFO] - 
F:
- - 4.87699881e-07
  - -4.10448922e-06
  - 0.00591280691
- - 3.27213411e-06
  - -3.5232731e-07
  - -0.0128438236
- - -0.00559134313
  - 0.0131201579
  - -0.999798316
images:
- path: ./images/atomic_rapid_analyze.jpg
  points:
  - - 615
    - 438
  - - 3222
    - 372
  - - 3150
    - 2814
  - - 843
    - 2733
  - - 1347
    - 462
  - - 2484
    - 405
  - - 2532
    - 1938
  - - 1557
    - 1941
  - - 1905
    - 393
  - - 2025
    - 1926
- path: ./images/hotel_chromosome_probe.jpg
  points:
  - - 633
    - 201
  - - 3270
    - 357
  - - 3066
    - 2643
  - - 780
    - 2751
  - - 1473
    - 297
  - - 2616
    - 333
  - - 2499
    - 1854
  - - 1545
    - 1887
  - - 2052
    - 276
  - - 2016
    - 1848

[2020-06-07 12:09:53,466][__main__][INFO] - path='./images/atomic_rapid_analyze.jpg'
[2020-06-07 12:09:53,580][__main__][INFO] - image.shape=(2976, 3968, 3)
[2020-06-07 12:09:53,583][__main__][INFO] - 
points=array([[-1369., -1050.],
       [ 1238., -1116.],
       [ 1166.,  1326.],
       [-1141.,  1245.],
       [ -637., -1026.],
       [  500., -1083.],
       [  548.,   450.],
       [ -427.,   453.],
       [  -79., -1095.],
       [   41.,   438.]])
[2020-06-07 12:09:53,584][__main__][INFO] - path='./images/hotel_chromosome_probe.jpg'
[2020-06-07 12:09:53,687][__main__][INFO] - image.shape=(2976, 3968, 3)
[2020-06-07 12:09:53,690][__main__][INFO] - 
points=array([[-1351., -1287.],
       [ 1286., -1131.],
       [ 1082.,  1155.],
       [-1204.,  1263.],
       [ -511., -1191.],
       [  632., -1155.],
       [  515.,   366.],
       [ -439.,   399.],
       [   68., -1212.],
       [   32.,   360.]])
[2020-06-07 12:09:56,700][__main__][INFO] - 
F=array([[ 4.87699881e-07, -4.10448922e-06,  5.91280691e-03],
       [ 3.27213411e-06, -3.52327310e-07, -1.28438236e-02],
       [-5.59134313e-03,  1.31201579e-02, -9.99798316e-01]])
[2020-06-07 12:09:56,701][__main__][INFO] - np.linalg.det(F)=1.6361209590639468e-11
[2020-06-07 12:09:56,702][__main__][INFO] - np.linalg.det(F[1:, 1:])=0.00016886524992296538
[2020-06-07 12:09:56,702][__main__][INFO] - np.linalg.det(F[1:, :-1])=4.096093330889606e-08
[2020-06-07 12:09:56,703][__main__][INFO] - np.linalg.det(F[:-1, 1:])=5.4800578862931345e-08
[2020-06-07 12:09:56,703][__main__][INFO] - np.linalg.det(F[1:, :-1])=4.096093330889606e-08
