[2020-06-07 11:48:44,948][__main__][INFO] - 
F: null
images:
- path: ./images/atomic_rapid_analyze.jpg
  points:
  - - 2535
    - 1716
  - - 2346
    - 1938
  - - 2541
    - 2229
  - - 2724
    - 1935
  - - 2448
    - 150
  - - 2295
    - 438
  - - 2481
    - 750
  - - 2703
    - 441
- path: ./images/hotel_chromosome_probe.jpg
  points:
  - - 2499
    - 1635
  - - 2322
    - 1851
  - - 2514
    - 2133
  - - 2679
    - 1848
  - - 2571
    - 69
  - - 2820
    - 384
  - - 2625
    - 678
  - - 2439
    - 360

[2020-06-07 11:48:44,948][__main__][INFO] - path='./images/atomic_rapid_analyze.jpg'
[2020-06-07 11:48:45,051][__main__][INFO] - image.shape=(2976, 3968, 3)
[2020-06-07 11:48:45,054][__main__][INFO] - 
points=array([[  551.,   228.],
       [  362.,   450.],
       [  557.,   741.],
       [  740.,   447.],
       [  464., -1338.],
       [  311., -1050.],
       [  497.,  -738.],
       [  719., -1047.]])
[2020-06-07 11:48:45,054][__main__][INFO] - path='./images/hotel_chromosome_probe.jpg'
[2020-06-07 11:48:45,158][__main__][INFO] - image.shape=(2976, 3968, 3)
[2020-06-07 11:48:45,161][__main__][INFO] - 
points=array([[  515.,   147.],
       [  338.,   363.],
       [  530.,   645.],
       [  695.,   360.],
       [  587., -1419.],
       [  836., -1104.],
       [  641.,  -810.],
       [  455., -1128.]])
[2020-06-07 11:48:48,264][__main__][INFO] - 
F=array([[-2.40803252e-04,  9.12800371e-05,  1.22937849e-01],
       [-7.40364271e-07,  1.05139291e-05,  6.80517918e-01],
       [ 1.08445798e-01, -7.14046144e-01, -1.26172753e-02]])
[2020-06-07 11:48:48,264][__main__][INFO] - np.linalg.det(F)=-0.00011035015015226456
[2020-06-07 11:48:48,265][__main__][INFO] - np.linalg.det(F[1:, 1:])=0.4859210624159055
[2020-06-07 11:48:48,265][__main__][INFO] - np.linalg.det(F[1:, :-1])=-6.115371685941004e-07
[2020-06-07 11:48:48,266][__main__][INFO] - np.linalg.det(F[:-1, 1:])=6.08251409348839e-05
[2020-06-07 11:48:48,267][__main__][INFO] - np.linalg.det(F[1:, :-1])=-6.115371685941004e-07
