[2020-06-07 11:58:10,070][__main__][INFO] - 
F:
- - 2.35077122e-05
  - -0.00184004271
  - 0.72904836
- - 0.00179995646
  - 5.88072156e-05
  - -0.278022961
- - -0.584049961
  - 0.215028223
  - -0.0619160662
images:
- path: ./images/atomic_rapid_analyze.jpg
  points:
  - - 615
    - 438
  - - 3222
    - 372
  - - 3150
    - 2814
  - - 843
    - 2733
  - - 1347
    - 462
  - - 2484
    - 405
  - - 2532
    - 1938
  - - 1557
    - 1941
  - - 1905
    - 393
  - - 2025
    - 1926
- path: ./images/hotel_chromosome_probe.jpg
  points:
  - - 633
    - 201
  - - 3270
    - 357
  - - 3066
    - 2643
  - - 780
    - 2751
  - - 1473
    - 297
  - - 2616
    - 333
  - - 2499
    - 1854
  - - 1545
    - 1887
  - - 2052
    - 276
  - - 2016
    - 1848

[2020-06-07 11:58:10,071][__main__][INFO] - path='./images/atomic_rapid_analyze.jpg'
[2020-06-07 11:58:10,183][__main__][INFO] - image.shape=(2976, 3968, 3)
[2020-06-07 11:58:10,186][__main__][INFO] - 
points=array([[-1369., -1050.],
       [ 1238., -1116.],
       [ 1166.,  1326.],
       [-1141.,  1245.],
       [ -637., -1026.],
       [  500., -1083.],
       [  548.,   450.],
       [ -427.,   453.],
       [  -79., -1095.],
       [   41.,   438.]])
[2020-06-07 11:58:10,186][__main__][INFO] - path='./images/hotel_chromosome_probe.jpg'
[2020-06-07 11:58:10,292][__main__][INFO] - image.shape=(2976, 3968, 3)
[2020-06-07 11:58:10,295][__main__][INFO] - 
points=array([[-1351., -1287.],
       [ 1286., -1131.],
       [ 1082.,  1155.],
       [-1204.,  1263.],
       [ -511., -1191.],
       [  632., -1155.],
       [  515.,   366.],
       [ -439.,   399.],
       [   68., -1212.],
       [   32.,   360.]])
[2020-06-07 11:58:13,426][__main__][INFO] - 
F=array([[ 2.35077122e-05, -1.84004271e-03,  7.29048360e-01],
       [ 1.79995646e-03,  5.88072156e-05, -2.78022961e-01],
       [-5.84049961e-01,  2.15028223e-01, -6.19160662e-02]])
[2020-06-07 11:58:13,427][__main__][INFO] - np.linalg.det(F)=9.627436692990906e-06
[2020-06-07 11:58:13,428][__main__][INFO] - np.linalg.det(F[1:, 1:])=0.0597791421455742
[2020-06-07 11:58:13,429][__main__][INFO] - np.linalg.det(F[1:, :-1])=0.00042138779104886927
[2020-06-07 11:58:13,430][__main__][INFO] - np.linalg.det(F[:-1, 1:])=0.0004687008185113181
[2020-06-07 11:58:13,431][__main__][INFO] - np.linalg.det(F[1:, :-1])=0.00042138779104886927
