[2020-06-07 11:48:37,185][__main__][INFO] - 
F: null
images:
- path: ./images/new_citizen_master.jpg
  points:
  - - 2073
    - 867
  - - 2334
    - 1473
  - - 2151
    - 2184
  - - 1851
    - 1482
  - - 2862
    - 1194
  - - 2973
    - 1545
  - - 2901
    - 1992
  - - 2787
    - 1521
- path: ./images/rage_sticky_contestant.jpg
  points:
  - - 2283
    - 786
  - - 2532
    - 1428
  - - 2352
    - 2172
  - - 2070
    - 1434
  - - 3015
    - 1146
  - - 3120
    - 1509
  - - 3045
    - 1971
  - - 2946
    - 1482

[2020-06-07 11:48:37,186][__main__][INFO] - path='./images/new_citizen_master.jpg'
[2020-06-07 11:48:37,303][__main__][INFO] - image.shape=(2976, 3968, 3)
[2020-06-07 11:48:37,306][__main__][INFO] - 
points=array([[  89., -621.],
       [ 350.,  -15.],
       [ 167.,  696.],
       [-133.,   -6.],
       [ 878., -294.],
       [ 989.,   57.],
       [ 917.,  504.],
       [ 803.,   33.]])
[2020-06-07 11:48:37,306][__main__][INFO] - path='./images/rage_sticky_contestant.jpg'
[2020-06-07 11:48:37,420][__main__][INFO] - image.shape=(2976, 3968, 3)
[2020-06-07 11:48:37,423][__main__][INFO] - 
points=array([[ 299., -702.],
       [ 548.,  -60.],
       [ 368.,  684.],
       [  86.,  -54.],
       [1031., -342.],
       [1136.,   21.],
       [1061.,  483.],
       [ 962.,   -6.]])
[2020-06-07 11:48:41,188][__main__][INFO] - 
F=array([[-5.65534605e-06, -4.21403371e-04, -1.36949523e-01],
       [ 3.63837939e-04, -4.65585402e-06, -6.26911423e-01],
       [ 1.53332932e-01,  7.50685136e-01,  3.44590167e-02]])
[2020-06-07 11:48:41,189][__main__][INFO] - np.linalg.det(F)=3.4921477541565e-07
[2020-06-07 11:48:41,190][__main__][INFO] - np.linalg.det(F[1:, 1:])=0.47061292665737003
[2020-06-07 11:48:41,191][__main__][INFO] - np.linalg.det(F[1:, :-1])=0.0002738416284422982
[2020-06-07 11:48:41,192][__main__][INFO] - np.linalg.det(F[:-1, 1:])=0.000263544969892731
[2020-06-07 11:48:41,192][__main__][INFO] - np.linalg.det(F[1:, :-1])=0.0002738416284422982
