[2020-06-07 11:48:30,455][__main__][INFO] - 
F: null
images:
- path: ./images/atomic_rapid_analyze.jpg
  points:
  - - 1566
    - 1719
  - - 1410
    - 1965
  - - 1581
    - 2217
  - - 1749
    - 1935
  - - 2535
    - 1716
  - - 2346
    - 1938
  - - 2541
    - 2229
  - - 2724
    - 1935
- path: ./images/hotel_chromosome_probe.jpg
  points:
  - - 1545
    - 1650
  - - 1383
    - 1905
  - - 1572
    - 2163
  - - 1743
    - 1869
  - - 2499
    - 1635
  - - 2322
    - 1851
  - - 2514
    - 2133
  - - 2679
    - 1848

[2020-06-07 11:48:30,456][__main__][INFO] - path='./images/atomic_rapid_analyze.jpg'
[2020-06-07 11:48:30,559][__main__][INFO] - image.shape=(2976, 3968, 3)
[2020-06-07 11:48:30,562][__main__][INFO] - 
points=array([[-418.,  231.],
       [-574.,  477.],
       [-403.,  729.],
       [-235.,  447.],
       [ 551.,  228.],
       [ 362.,  450.],
       [ 557.,  741.],
       [ 740.,  447.]])
[2020-06-07 11:48:30,562][__main__][INFO] - path='./images/hotel_chromosome_probe.jpg'
[2020-06-07 11:48:30,662][__main__][INFO] - image.shape=(2976, 3968, 3)
[2020-06-07 11:48:30,665][__main__][INFO] - 
points=array([[-439.,  162.],
       [-601.,  417.],
       [-412.,  675.],
       [-241.,  381.],
       [ 515.,  147.],
       [ 338.,  363.],
       [ 530.,  645.],
       [ 695.,  360.]])
[2020-06-07 11:48:33,729][__main__][INFO] - 
F=array([[ 2.35077122e-05, -1.84004271e-03,  7.29048360e-01],
       [ 1.79995646e-03,  5.88072156e-05, -2.78022961e-01],
       [-5.84049961e-01,  2.15028223e-01, -6.19160662e-02]])
[2020-06-07 11:48:33,730][__main__][INFO] - np.linalg.det(F)=9.62743734489883e-06
[2020-06-07 11:48:33,733][__main__][INFO] - np.linalg.det(F[1:, 1:])=0.05977914218177496
[2020-06-07 11:48:33,734][__main__][INFO] - np.linalg.det(F[1:, :-1])=0.00042138779220628566
[2020-06-07 11:48:33,735][__main__][INFO] - np.linalg.det(F[:-1, 1:])=0.00046870081899139365
[2020-06-07 11:48:33,737][__main__][INFO] - np.linalg.det(F[1:, :-1])=0.00042138779220628566
