[2020-06-07 12:07:32,107][__main__][INFO] - 
F: null
images:
- path: ./images/new_citizen_master.jpg
  points:
  - - 2073
    - 867
  - - 2334
    - 1473
  - - 2151
    - 2184
  - - 1851
    - 1482
  - - 2862
    - 1194
  - - 2973
    - 1545
  - - 2901
    - 1992
  - - 2787
    - 1521
  - - 1692
    - 414
  - - 2352
    - 744
  - - 2400
    - 2211
  - - 1764
    - 2445
  - - 2772
    - 1029
  - - 2976
    - 1137
  - - 2991
    - 2043
  - - 2808
    - 2106
- path: ./images/rage_sticky_contestant.jpg
  points:
  - - 2283
    - 786
  - - 2532
    - 1428
  - - 2352
    - 2172
  - - 2070
    - 1434
  - - 3015
    - 1146
  - - 3120
    - 1509
  - - 3045
    - 1971
  - - 2946
    - 1482
  - - 1923
    - 297
  - - 2547
    - 666
  - - 2592
    - 2187
  - - 1974
    - 2448
  - - 2934
    - 960
  - - 3114
    - 1080
  - - 3165
    - 1995
  - - 2964
    - 2082

[2020-06-07 12:07:32,108][__main__][INFO] - path='./images/new_citizen_master.jpg'
[2020-06-07 12:07:32,220][__main__][INFO] - image.shape=(2976, 3968, 3)
[2020-06-07 12:07:32,223][__main__][INFO] - 
points=array([[   89.,  -621.],
       [  350.,   -15.],
       [  167.,   696.],
       [ -133.,    -6.],
       [  878.,  -294.],
       [  989.,    57.],
       [  917.,   504.],
       [  803.,    33.],
       [ -292., -1074.],
       [  368.,  -744.],
       [  416.,   723.],
       [ -220.,   957.],
       [  788.,  -459.],
       [  992.,  -351.],
       [ 1007.,   555.],
       [  824.,   618.]])
[2020-06-07 12:07:32,223][__main__][INFO] - path='./images/rage_sticky_contestant.jpg'
[2020-06-07 12:07:32,335][__main__][INFO] - image.shape=(2976, 3968, 3)
[2020-06-07 12:07:32,339][__main__][INFO] - 
points=array([[  299.,  -702.],
       [  548.,   -60.],
       [  368.,   684.],
       [   86.,   -54.],
       [ 1031.,  -342.],
       [ 1136.,    21.],
       [ 1061.,   483.],
       [  962.,    -6.],
       [  -61., -1191.],
       [  563.,  -822.],
       [  608.,   699.],
       [  -10.,   960.],
       [  950.,  -528.],
       [ 1130.,  -408.],
       [ 1181.,   507.],
       [  980.,   594.]])
[2020-06-07 12:07:36,008][__main__][INFO] - 
F=array([[-5.15170356e-08,  5.54948919e-06, -3.68744917e-03],
       [-4.89835742e-06,  3.65403411e-08,  4.39642273e-03],
       [ 3.24221282e-03, -5.81876097e-03,  9.99961351e-01]])
[2020-06-07 12:07:36,009][__main__][INFO] - np.linalg.det(F)=3.0155293603001654e-13
[2020-06-07 12:07:36,010][__main__][INFO] - np.linalg.det(F[1:, 1:])=2.561827191388294e-05
[2020-06-07 12:07:36,010][__main__][INFO] - np.linalg.det(F[1:, :-1])=2.8383899423395883e-08
[2020-06-07 12:07:36,011][__main__][INFO] - np.linalg.det(F[:-1, 1:])=2.4532641085594185e-08
[2020-06-07 12:07:36,011][__main__][INFO] - np.linalg.det(F[1:, :-1])=2.8383899423395883e-08
