[2020-06-07 12:07:25,249][__main__][INFO] - 
F: null
images:
- path: ./images/atomic_rapid_analyze.jpg
  points:
  - - 1566
    - 1719
  - - 1410
    - 1965
  - - 1581
    - 2217
  - - 1749
    - 1935
  - - 2535
    - 1716
  - - 2346
    - 1938
  - - 2541
    - 2229
  - - 2724
    - 1935
  - - 1353
    - 1632
  - - 1773
    - 1629
  - - 1776
    - 2256
  - - 1341
    - 2259
  - - 2313
    - 1653
  - - 2745
    - 1650
  - - 2787
    - 2274
  - - 2331
    - 2280
- path: ./images/hotel_chromosome_probe.jpg
  points:
  - - 1545
    - 1650
  - - 1383
    - 1905
  - - 1572
    - 2163
  - - 1743
    - 1869
  - - 2499
    - 1635
  - - 2322
    - 1851
  - - 2514
    - 2133
  - - 2679
    - 1848
  - - 1308
    - 1557
  - - 1764
    - 1551
  - - 1779
    - 2193
  - - 1308
    - 2214
  - - 2289
    - 1572
  - - 2688
    - 1566
  - - 2739
    - 2172
  - - 2322
    - 2184

[2020-06-07 12:07:25,250][__main__][INFO] - path='./images/atomic_rapid_analyze.jpg'
[2020-06-07 12:07:25,363][__main__][INFO] - image.shape=(2976, 3968, 3)
[2020-06-07 12:07:25,367][__main__][INFO] - 
points=array([[-418.,  231.],
       [-574.,  477.],
       [-403.,  729.],
       [-235.,  447.],
       [ 551.,  228.],
       [ 362.,  450.],
       [ 557.,  741.],
       [ 740.,  447.],
       [-631.,  144.],
       [-211.,  141.],
       [-208.,  768.],
       [-643.,  771.],
       [ 329.,  165.],
       [ 761.,  162.],
       [ 803.,  786.],
       [ 347.,  792.]])
[2020-06-07 12:07:25,367][__main__][INFO] - path='./images/hotel_chromosome_probe.jpg'
[2020-06-07 12:07:25,475][__main__][INFO] - image.shape=(2976, 3968, 3)
[2020-06-07 12:07:25,478][__main__][INFO] - 
points=array([[-439.,  162.],
       [-601.,  417.],
       [-412.,  675.],
       [-241.,  381.],
       [ 515.,  147.],
       [ 338.,  363.],
       [ 530.,  645.],
       [ 695.,  360.],
       [-676.,   69.],
       [-220.,   63.],
       [-205.,  705.],
       [-676.,  726.],
       [ 305.,   84.],
       [ 704.,   78.],
       [ 755.,  684.],
       [ 338.,  696.]])
[2020-06-07 12:07:28,659][__main__][INFO] - 
F=array([[ 4.87699881e-07, -4.10448922e-06,  5.91280691e-03],
       [ 3.27213411e-06, -3.52327310e-07, -1.28438236e-02],
       [-5.59134313e-03,  1.31201579e-02, -9.99798316e-01]])
[2020-06-07 12:07:28,660][__main__][INFO] - np.linalg.det(F)=1.6361210571404566e-11
[2020-06-07 12:07:28,661][__main__][INFO] - np.linalg.det(F[1:, 1:])=0.0001688652507972096
[2020-06-07 12:07:28,662][__main__][INFO] - np.linalg.det(F[1:, :-1])=4.0960933400369446e-08
[2020-06-07 12:07:28,662][__main__][INFO] - np.linalg.det(F[:-1, 1:])=5.480057889465621e-08
[2020-06-07 12:07:28,663][__main__][INFO] - np.linalg.det(F[1:, :-1])=4.0960933400369446e-08
