[2020-06-07 12:07:39,903][__main__][INFO] - 
F: null
images:
- path: ./images/atomic_rapid_analyze.jpg
  points:
  - - 2535
    - 1716
  - - 2346
    - 1938
  - - 2541
    - 2229
  - - 2724
    - 1935
  - - 2448
    - 150
  - - 2295
    - 438
  - - 2481
    - 750
  - - 2703
    - 441
  - - 1353
    - 1632
  - - 1773
    - 1629
  - - 1776
    - 2256
  - - 1341
    - 2259
  - - 2313
    - 1653
  - - 2745
    - 1650
  - - 2787
    - 2274
  - - 2331
    - 2280
- path: ./images/hotel_chromosome_probe.jpg
  points:
  - - 2499
    - 1635
  - - 2322
    - 1851
  - - 2514
    - 2133
  - - 2679
    - 1848
  - - 2571
    - 69
  - - 2820
    - 384
  - - 2625
    - 678
  - - 2439
    - 360
  - - 1308
    - 1557
  - - 1764
    - 1551
  - - 1779
    - 2193
  - - 1308
    - 2214
  - - 2289
    - 1572
  - - 2688
    - 1566
  - - 2739
    - 2172
  - - 2322
    - 2184

[2020-06-07 12:07:39,909][__main__][INFO] - path='./images/atomic_rapid_analyze.jpg'
[2020-06-07 12:07:40,012][__main__][INFO] - image.shape=(2976, 3968, 3)
[2020-06-07 12:07:40,015][__main__][INFO] - 
points=array([[  551.,   228.],
       [  362.,   450.],
       [  557.,   741.],
       [  740.,   447.],
       [  464., -1338.],
       [  311., -1050.],
       [  497.,  -738.],
       [  719., -1047.],
       [ -631.,   144.],
       [ -211.,   141.],
       [ -208.,   768.],
       [ -643.,   771.],
       [  329.,   165.],
       [  761.,   162.],
       [  803.,   786.],
       [  347.,   792.]])
[2020-06-07 12:07:40,016][__main__][INFO] - path='./images/hotel_chromosome_probe.jpg'
[2020-06-07 12:07:40,117][__main__][INFO] - image.shape=(2976, 3968, 3)
[2020-06-07 12:07:40,123][__main__][INFO] - 
points=array([[  515.,   147.],
       [  338.,   363.],
       [  530.,   645.],
       [  695.,   360.],
       [  587., -1419.],
       [  836., -1104.],
       [  641.,  -810.],
       [  455., -1128.],
       [ -676.,    69.],
       [ -220.,    63.],
       [ -205.,   705.],
       [ -676.,   726.],
       [  305.,    84.],
       [  704.,    78.],
       [  755.,   684.],
       [  338.,   696.]])
[2020-06-07 12:07:43,316][__main__][INFO] - 
F=array([[ 1.15402310e-07, -7.01189624e-07,  1.07878357e-04],
       [-3.86391399e-08, -1.51524522e-07, -1.19072151e-02],
       [-5.98013579e-05,  1.21243765e-02, -9.99855591e-01]])
[2020-06-07 12:07:43,316][__main__][INFO] - np.linalg.det(F)=1.615411267527614e-11
[2020-06-07 12:07:43,317][__main__][INFO] - np.linalg.det(F[1:, 1:])=0.00014451906162616605
[2020-06-07 12:07:43,317][__main__][INFO] - np.linalg.det(F[1:, :-1])=-4.775368540768194e-10
[2020-06-07 12:07:43,318][__main__][INFO] - np.linalg.det(F[:-1, 1:])=8.36556186985503e-09
[2020-06-07 12:07:43,319][__main__][INFO] - np.linalg.det(F[1:, :-1])=-4.775368540768194e-10
