[2020-06-07 11:58:16,922][__main__][INFO] - 
F:
- - -5.65534605e-06
  - -0.000421403371
  - -0.136949523
- - 0.000363837939
  - -4.65585402e-06
  - -0.626911423
- - 0.153332932
  - 0.750685136
  - 0.0344590167
images:
- path: ./images/new_citizen_master.jpg
  points:
  - - 147
    - 1134
  - - 2562
    - 1479
  - - 3093
    - 1560
  - - 2514
    - 171
  - - 2823
    - 492
  - - 3075
    - 792
  - - 2940
    - 2856
  - - 3135
    - 2625
- path: ./images/rage_sticky_contestant.jpg
  points:
  - - 420
    - 1020
  - - 2736
    - 1437
  - - 3222
    - 1524
  - - 2697
    - 78
  - - 2988
    - 417
  - - 3213
    - 732
  - - 3069
    - 2859
  - - 3252
    - 2616

[2020-06-07 11:58:16,923][__main__][INFO] - path='./images/new_citizen_master.jpg'
[2020-06-07 11:58:17,032][__main__][INFO] - image.shape=(2976, 3968, 3)
[2020-06-07 11:58:17,034][__main__][INFO] - 
points=array([[-1837.,  -354.],
       [  578.,    -9.],
       [ 1109.,    72.],
       [  530., -1317.],
       [  839.,  -996.],
       [ 1091.,  -696.],
       [  956.,  1368.],
       [ 1151.,  1137.]])
[2020-06-07 11:58:17,035][__main__][INFO] - path='./images/rage_sticky_contestant.jpg'
[2020-06-07 11:58:17,154][__main__][INFO] - image.shape=(2976, 3968, 3)
[2020-06-07 11:58:17,157][__main__][INFO] - 
points=array([[-1564.,  -468.],
       [  752.,   -51.],
       [ 1238.,    36.],
       [  713., -1410.],
       [ 1004., -1071.],
       [ 1229.,  -756.],
       [ 1085.,  1371.],
       [ 1268.,  1128.]])
[2020-06-07 11:58:20,772][__main__][INFO] - 
F=array([[-5.65534605e-06, -4.21403371e-04, -1.36949523e-01],
       [ 3.63837939e-04, -4.65585402e-06, -6.26911423e-01],
       [ 1.53332932e-01,  7.50685136e-01,  3.44590167e-02]])
[2020-06-07 11:58:20,772][__main__][INFO] - np.linalg.det(F)=3.492146366811883e-07
[2020-06-07 11:58:20,773][__main__][INFO] - np.linalg.det(F[1:, 1:])=0.4706129263985571
[2020-06-07 11:58:20,773][__main__][INFO] - np.linalg.det(F[1:, :-1])=0.00027384162846802505
[2020-06-07 11:58:20,774][__main__][INFO] - np.linalg.det(F[:-1, 1:])=0.00026354496998341027
[2020-06-07 11:58:20,775][__main__][INFO] - np.linalg.det(F[1:, :-1])=0.00027384162846802505
