[2020-06-07 12:10:07,750][__main__][INFO] - 
F:
- - 1.1540231e-07
  - -7.01189624e-07
  - 0.000107878357
- - -3.86391399e-08
  - -1.51524522e-07
  - -0.0119072151
- - -5.98013579e-05
  - 0.0121243765
  - -0.999855591
images:
- path: ./images/atomic_rapid_analyze.jpg
  points:
  - - 615
    - 438
  - - 3222
    - 372
  - - 3150
    - 2814
  - - 843
    - 2733
  - - 1347
    - 462
  - - 2484
    - 405
  - - 2532
    - 1938
  - - 1557
    - 1941
  - - 1905
    - 393
  - - 2025
    - 1926
- path: ./images/hotel_chromosome_probe.jpg
  points:
  - - 633
    - 201
  - - 3270
    - 357
  - - 3066
    - 2643
  - - 780
    - 2751
  - - 1473
    - 297
  - - 2616
    - 333
  - - 2499
    - 1854
  - - 1545
    - 1887
  - - 2052
    - 276
  - - 2016
    - 1848

[2020-06-07 12:10:07,751][__main__][INFO] - path='./images/atomic_rapid_analyze.jpg'
[2020-06-07 12:10:07,859][__main__][INFO] - image.shape=(2976, 3968, 3)
[2020-06-07 12:10:07,862][__main__][INFO] - 
points=array([[-1369., -1050.],
       [ 1238., -1116.],
       [ 1166.,  1326.],
       [-1141.,  1245.],
       [ -637., -1026.],
       [  500., -1083.],
       [  548.,   450.],
       [ -427.,   453.],
       [  -79., -1095.],
       [   41.,   438.]])
[2020-06-07 12:10:07,863][__main__][INFO] - path='./images/hotel_chromosome_probe.jpg'
[2020-06-07 12:10:07,966][__main__][INFO] - image.shape=(2976, 3968, 3)
[2020-06-07 12:10:07,969][__main__][INFO] - 
points=array([[-1351., -1287.],
       [ 1286., -1131.],
       [ 1082.,  1155.],
       [-1204.,  1263.],
       [ -511., -1191.],
       [  632., -1155.],
       [  515.,   366.],
       [ -439.,   399.],
       [   68., -1212.],
       [   32.,   360.]])
[2020-06-07 12:10:11,054][__main__][INFO] - 
F=array([[ 1.15402310e-07, -7.01189624e-07,  1.07878357e-04],
       [-3.86391399e-08, -1.51524522e-07, -1.19072151e-02],
       [-5.98013579e-05,  1.21243765e-02, -9.99855591e-01]])
[2020-06-07 12:10:11,055][__main__][INFO] - np.linalg.det(F)=1.6154112670753963e-11
[2020-06-07 12:10:11,056][__main__][INFO] - np.linalg.det(F[1:, 1:])=0.0001445190615793803
[2020-06-07 12:10:11,056][__main__][INFO] - np.linalg.det(F[1:, :-1])=-4.775368519545215e-10
[2020-06-07 12:10:11,057][__main__][INFO] - np.linalg.det(F[:-1, 1:])=8.365561895334694e-09
[2020-06-07 12:10:11,057][__main__][INFO] - np.linalg.det(F[1:, :-1])=-4.775368519545215e-10
