[2020-06-07 11:58:24,575][__main__][INFO] - 
F:
- - -0.000240803252
  - 9.12800371e-05
  - 0.122937849
- - -7.40364271e-07
  - 1.05139291e-05
  - 0.680517918
- - 0.108445798
  - -0.714046144
  - -0.0126172753
images:
- path: ./images/atomic_rapid_analyze.jpg
  points:
  - - 615
    - 438
  - - 3222
    - 372
  - - 3150
    - 2814
  - - 843
    - 2733
  - - 1347
    - 462
  - - 2484
    - 405
  - - 2532
    - 1938
  - - 1557
    - 1941
  - - 1905
    - 393
  - - 2025
    - 1926
- path: ./images/hotel_chromosome_probe.jpg
  points:
  - - 633
    - 201
  - - 3270
    - 357
  - - 3066
    - 2643
  - - 780
    - 2751
  - - 1473
    - 297
  - - 2616
    - 333
  - - 2499
    - 1854
  - - 1545
    - 1887
  - - 2052
    - 276
  - - 2016
    - 1848

[2020-06-07 11:58:24,575][__main__][INFO] - path='./images/atomic_rapid_analyze.jpg'
[2020-06-07 11:58:24,680][__main__][INFO] - image.shape=(2976, 3968, 3)
[2020-06-07 11:58:24,683][__main__][INFO] - 
points=array([[-1369., -1050.],
       [ 1238., -1116.],
       [ 1166.,  1326.],
       [-1141.,  1245.],
       [ -637., -1026.],
       [  500., -1083.],
       [  548.,   450.],
       [ -427.,   453.],
       [  -79., -1095.],
       [   41.,   438.]])
[2020-06-07 11:58:24,685][__main__][INFO] - path='./images/hotel_chromosome_probe.jpg'
[2020-06-07 11:58:24,795][__main__][INFO] - image.shape=(2976, 3968, 3)
[2020-06-07 11:58:24,798][__main__][INFO] - 
points=array([[-1351., -1287.],
       [ 1286., -1131.],
       [ 1082.,  1155.],
       [-1204.,  1263.],
       [ -511., -1191.],
       [  632., -1155.],
       [  515.,   366.],
       [ -439.,   399.],
       [   68., -1212.],
       [   32.,   360.]])
[2020-06-07 11:58:27,836][__main__][INFO] - 
F=array([[-2.40803252e-04,  9.12800371e-05,  1.22937849e-01],
       [-7.40364271e-07,  1.05139291e-05,  6.80517918e-01],
       [ 1.08445798e-01, -7.14046144e-01, -1.26172753e-02]])
[2020-06-07 11:58:27,837][__main__][INFO] - np.linalg.det(F)=-0.00011035015037723168
[2020-06-07 11:58:27,838][__main__][INFO] - np.linalg.det(F[1:, 1:])=0.4859210626136703
[2020-06-07 11:58:27,839][__main__][INFO] - np.linalg.det(F[1:, :-1])=-6.115371785020006e-07
[2020-06-07 11:58:27,840][__main__][INFO] - np.linalg.det(F[:-1, 1:])=6.0825140974162283e-05
[2020-06-07 11:58:27,841][__main__][INFO] - np.linalg.det(F[1:, :-1])=-6.115371785020006e-07
