[2020-06-07 12:09:59,935][__main__][INFO] - 
F:
- - -5.15170356e-08
  - 5.54948919e-06
  - -0.00368744917
- - -4.89835742e-06
  - 3.65403411e-08
  - 0.00439642273
- - 0.00324221282
  - -0.00581876097
  - 0.999961351
images:
- path: ./images/new_citizen_master.jpg
  points:
  - - 147
    - 1134
  - - 2562
    - 1479
  - - 3093
    - 1560
  - - 2514
    - 171
  - - 2823
    - 492
  - - 3075
    - 792
  - - 2940
    - 2856
  - - 3135
    - 2625
- path: ./images/rage_sticky_contestant.jpg
  points:
  - - 420
    - 1020
  - - 2736
    - 1437
  - - 3222
    - 1524
  - - 2697
    - 78
  - - 2988
    - 417
  - - 3213
    - 732
  - - 3069
    - 2859
  - - 3252
    - 2616

[2020-06-07 12:09:59,935][__main__][INFO] - path='./images/new_citizen_master.jpg'
[2020-06-07 12:10:00,047][__main__][INFO] - image.shape=(2976, 3968, 3)
[2020-06-07 12:10:00,050][__main__][INFO] - 
points=array([[-1837.,  -354.],
       [  578.,    -9.],
       [ 1109.,    72.],
       [  530., -1317.],
       [  839.,  -996.],
       [ 1091.,  -696.],
       [  956.,  1368.],
       [ 1151.,  1137.]])
[2020-06-07 12:10:00,050][__main__][INFO] - path='./images/rage_sticky_contestant.jpg'
[2020-06-07 12:10:00,155][__main__][INFO] - image.shape=(2976, 3968, 3)
[2020-06-07 12:10:00,158][__main__][INFO] - 
points=array([[-1564.,  -468.],
       [  752.,   -51.],
       [ 1238.,    36.],
       [  713., -1410.],
       [ 1004., -1071.],
       [ 1229.,  -756.],
       [ 1085.,  1371.],
       [ 1268.,  1128.]])
[2020-06-07 12:10:03,714][__main__][INFO] - 
F=array([[-5.15170356e-08,  5.54948919e-06, -3.68744917e-03],
       [-4.89835742e-06,  3.65403411e-08,  4.39642273e-03],
       [ 3.24221282e-03, -5.81876097e-03,  9.99961351e-01]])
[2020-06-07 12:10:03,714][__main__][INFO] - np.linalg.det(F)=3.015526984292926e-13
[2020-06-07 12:10:03,715][__main__][INFO] - np.linalg.det(F[1:, 1:])=2.5618271917797196e-05
[2020-06-07 12:10:03,716][__main__][INFO] - np.linalg.det(F[1:, :-1])=2.838389941024435e-08
[2020-06-07 12:10:03,716][__main__][INFO] - np.linalg.det(F[:-1, 1:])=2.453264106526602e-08
[2020-06-07 12:10:03,717][__main__][INFO] - np.linalg.det(F[1:, :-1])=2.838389941024435e-08
